12:27:14,158 DEBUG AuthenticationDAOImpl,main:78 - Pending Approval from Admin
12:28:28,968 ERROR AuthenticationDAOImpl,main:90 - SQL Exception: Unknown column 'isapproved' in 'field list'
12:31:50,392 ERROR AuthenticationDAOImpl,main:95 - SQL Exception: Unknown column 'isapproved' in 'field list'
13:06:08,297 DEBUG AuthenticationDAOImpl,main:89 - Invalid Credentials
16:05:19,329 DEBUG AuthenticationDAOImpl,main:89 - Invalid Credentials
17:53:41,803 DEBUG AuthenticationDAOImpl,main:91 - Invalid Credentials
17:58:25,089 DEBUG AuthenticationDAOImpl,main:91 - Invalid Credentials
18:00:13,681 ERROR AuthenticationDAOImpl,main:97 - SQL Exception: Unknown column 'isapproved' in 'field list'
18:00:46,621 DEBUG AuthenticationDAOImpl,main:91 - Invalid Credentials
18:01:11,576 DEBUG AuthenticationDAOImpl,main:91 - Invalid Credentials
18:01:46,904 DEBUG AuthenticationDAOImpl,main:91 - Invalid Credentials
18:02:35,027 DEBUG AuthenticationDAOImpl,main:91 - Invalid Credentials
18:03:05,039 DEBUG AuthenticationDAOImpl,main:91 - 
Invalid Credentials

18:10:36,707 ERROR AuthenticationDAOImpl,main:97 - SQL Exception: Unknown column 'isapproved' in 'field list'
18:11:50,334 DEBUG AuthenticationDAOImpl,main:91 - 
Invalid Credentials

18:48:01,482 DEBUG AuthenticationDAOImpl,main:81 - Pending Approval from Admin
18:50:35,533 DEBUG AuthenticationDAOImpl,main:81 - Pending Approval from Admin
18:57:07,884 DEBUG AuthenticationDAOImpl,main:81 - Pending Approval from Admin
18:59:53,535 DEBUG AuthenticationDAOImpl,main:81 - 
 Pending Approval from Admin
19:09:08,298 DEBUG AuthenticationDAOImpl,main:81 - Pending Approval from Admin
19:09:43,827 DEBUG AuthenticationDAOImpl,main:81 - 
'Pending Approval from Admin'
19:13:03,967 DEBUG AuthenticationDAOImpl,main:91 - 
Invalid Credentials

19:21:21,439 DEBUG AuthenticationDAOImpl,main:91 - 
Invalid Credentials

19:59:07,655 DEBUG AuthenticationDAOImpl,main:91 - 
Invalid Credentials

14:09:20,470  INFO AdminOperationImpl,main:46 - ===================================================================================
14:09:20,473  INFO AdminOperationImpl,main:52 - 
14:09:20,480  INFO AdminOperationImpl,main:64 - 1. Login
2. Registration
3. Update Password
4. Exit
14:09:20,480  INFO AdminOperationImpl,main:70 - 
Enter your choice: 
14:09:22,603  INFO AdminOperationImpl,main:74 - 
1. Student
2. Professor
3. Admin
14:10:02,409 DEBUG AuthenticationDAOImpl,main:81 - 
'Pending Approval from Admin'
14:10:02,409  INFO AdminOperationImpl,main:118 - 
invalid credentials
14:10:02,410  INFO AdminOperationImpl,main:64 - 1. Login
2. Registration
3. Update Password
4. Exit
14:10:02,410  INFO AdminOperationImpl,main:70 - 
Enter your choice: 
14:27:53,656  INFO AdminOperationImpl,main:46 - ===================================================================================
14:27:53,660  INFO AdminOperationImpl,main:52 - 
14:27:53,677  INFO AdminOperationImpl,main:64 - 1. Login
2. Registration
3. Update Password
4. Exit
14:27:53,679  INFO AdminOperationImpl,main:70 - 
Enter your choice: 
14:27:56,542  INFO AdminOperationImpl,main:74 - 
1. Student
2. Professor
3. Admin
14:28:07,392  INFO AdminOperationImpl,main:99 - 
You are logged in successfully as a student
14:30:17,809  INFO AdminOperationImpl,main:46 - ===================================================================================
14:30:17,812  INFO AdminOperationImpl,main:52 - 
14:30:17,821  INFO AdminOperationImpl,main:64 - 1. Login
2. Registration
3. Update Password
4. Exit
14:30:17,822  INFO AdminOperationImpl,main:70 - 
Enter your choice: 
14:30:23,240  INFO AdminOperationImpl,main:74 - 
1. Student
2. Professor
3. Admin
14:30:34,146  INFO AdminOperationImpl,main:99 - 
You are logged in successfully as a student
14:32:27,045  INFO AdminOperationImpl,main:46 - ===================================================================================
14:32:27,047  INFO AdminOperationImpl,main:52 - 
14:32:27,054  INFO AdminOperationImpl,main:64 - 1. Login
2. Registration
3. Update Password
4. Exit
14:32:27,055  INFO AdminOperationImpl,main:70 - 
Enter your choice: 
14:32:32,697  INFO AdminOperationImpl,main:74 - 
1. Student
2. Professor
3. Admin
14:32:42,236  INFO AdminOperationImpl,main:99 - 
You are logged in successfully as a student
14:32:58,200  INFO AdminOperationImpl,main:64 - 1. Login
2. Registration
3. Update Password
4. Exit
14:32:58,201  INFO AdminOperationImpl,main:70 - 
Enter your choice: 
14:33:00,454  INFO AdminOperationImpl,main:74 - 
1. Student
2. Professor
3. Admin
14:33:18,988  INFO AdminOperationImpl,main:105 - You are logged in successfully as a Professor
14:33:19,042  INFO AdminOperationImpl,main:55 - 1.Request Course Offering
14:33:19,043  INFO AdminOperationImpl,main:58 - 2.View Student List
14:33:19,043  INFO AdminOperationImpl,main:60 - 3.View Course Catalog
14:33:19,043  INFO AdminOperationImpl,main:62 - 4.Set Grades
14:33:19,043  INFO AdminOperationImpl,main:64 - 5.Exit
14:33:24,183  INFO AdminOperationImpl,main:88 - Course Catalog: 
14:33:24,188  INFO AdminOperationImpl,main:90 -                    1                maths                 amit               basics

14:33:24,189  INFO AdminOperationImpl,main:90 -                    2                  c++              anvitha                    c

14:33:24,190  INFO AdminOperationImpl,main:86 - 1.Request Course
14:33:24,190  INFO AdminOperationImpl,main:87 - 2.Freeze list
14:33:32,691  INFO AdminOperationImpl,main:86 - 1.Request Course
14:33:32,691  INFO AdminOperationImpl,main:87 - 2.Freeze list
14:33:36,927  INFO AdminOperationImpl,main:86 - 1.Request Course
14:33:36,927  INFO AdminOperationImpl,main:87 - 2.Freeze list
14:33:38,430  INFO AdminOperationImpl,main:55 - 1.Request Course Offering
14:33:38,430  INFO AdminOperationImpl,main:58 - 2.View Student List
14:33:38,430  INFO AdminOperationImpl,main:60 - 3.View Course Catalog
14:33:38,430  INFO AdminOperationImpl,main:62 - 4.Set Grades
14:33:38,431  INFO AdminOperationImpl,main:64 - 5.Exit
14:36:23,750  INFO AdminOperationImpl,main:46 - ===================================================================================
14:36:23,753  INFO AdminOperationImpl,main:52 - 
14:36:23,762  INFO AdminOperationImpl,main:64 - 1. Login
2. Registration
3. Update Password
4. Exit
14:36:23,763  INFO AdminOperationImpl,main:70 - 
Enter your choice: 
14:36:26,245  INFO AdminOperationImpl,main:74 - 
1. Student
2. Professor
3. Admin
14:36:35,701  INFO AdminOperationImpl,main:46 - ===================================================================================
14:36:35,703  INFO AdminOperationImpl,main:52 - 
14:36:35,710  INFO AdminOperationImpl,main:64 - 1. Login
2. Registration
3. Update Password
4. Exit
14:36:35,710  INFO AdminOperationImpl,main:70 - 
Enter your choice: 
14:36:38,069  INFO AdminOperationImpl,main:74 - 
1. Student
2. Professor
3. Admin
14:36:46,346  INFO AdminOperationImpl,main:106 - 
14:36:46,346  INFO AdminOperationImpl,main:107 - You are logged in successfully as a Professor
14:36:46,380  INFO AdminOperationImpl,main:55 - 1.Request Course Offering
14:36:46,380  INFO AdminOperationImpl,main:58 - 2.View Student List
14:36:46,380  INFO AdminOperationImpl,main:60 - 3.View Course Catalog
14:36:46,380  INFO AdminOperationImpl,main:62 - 4.Set Grades
14:36:46,380  INFO AdminOperationImpl,main:64 - 5.Exit
14:36:48,157  INFO AdminOperationImpl,main:88 - Course Catalog: 
14:36:48,158  INFO AdminOperationImpl,main:90 -                    1                maths                 amit               basics

14:36:48,159  INFO AdminOperationImpl,main:90 -                    2                  c++              anvitha                    c

14:36:48,159  INFO AdminOperationImpl,main:86 - 1.Request Course
14:36:48,160  INFO AdminOperationImpl,main:87 - 2.Freeze list
14:36:54,574  INFO AdminOperationImpl,main:86 - 1.Request Course
14:36:54,575  INFO AdminOperationImpl,main:87 - 2.Freeze list
14:36:59,622  INFO AdminOperationImpl,main:86 - 1.Request Course
14:36:59,622  INFO AdminOperationImpl,main:87 - 2.Freeze list
14:37:26,196  INFO AdminOperationImpl,main:86 - 1.Request Course
14:37:26,197  INFO AdminOperationImpl,main:87 - 2.Freeze list
14:37:33,633  INFO AdminOperationImpl,main:55 - 1.Request Course Offering
14:37:33,633  INFO AdminOperationImpl,main:58 - 2.View Student List
14:37:33,634  INFO AdminOperationImpl,main:60 - 3.View Course Catalog
14:37:33,634  INFO AdminOperationImpl,main:62 - 4.Set Grades
14:37:33,634  INFO AdminOperationImpl,main:64 - 5.Exit
14:37:43,215  INFO AdminOperationImpl,main:64 - 1. Login
2. Registration
3. Update Password
4. Exit
14:37:43,215  INFO AdminOperationImpl,main:70 - 
Enter your choice: 
14:37:47,264  INFO AdminOperationImpl,main:74 - 
1. Student
2. Professor
3. Admin
14:38:08,110  INFO AdminOperationImpl,main:112 - 
14:38:08,111  INFO AdminOperationImpl,main:113 - You are logged in successfully as a Admin
14:38:08,168  INFO AdminOperationImpl,main:61 - 1. Approve Student Registration
14:38:08,169  INFO AdminOperationImpl,main:63 - 2. Approve Student's Course Registration
14:38:08,169  INFO AdminOperationImpl,main:65 - 3. Register and Approve an Admin
14:38:08,169  INFO AdminOperationImpl,main:67 - 4. Assign courses to Professor
14:38:08,169  INFO AdminOperationImpl,main:69 - 5. Exit
14:38:08,169  INFO AdminOperationImpl,main:72 - Enter your Choice: 
14:38:17,113  INFO AdminOperationImpl,main:80 - a. Approve all students at once
b. Approve Student by Id
14:38:17,114  INFO AdminOperationImpl,main:82 - 
Enter your Choice: 
14:38:21,815  INFO AdminOperationImpl,main:79 - Choose from below given student ids
14:38:21,816  INFO AdminOperationImpl,main:80 -                   11

14:38:21,817  INFO AdminOperationImpl,main:84 - Enter the StudentId: 
14:38:26,696  INFO AdminOperationImpl,main:61 - 1. Approve Student Registration
14:38:26,696  INFO AdminOperationImpl,main:63 - 2. Approve Student's Course Registration
14:38:26,697  INFO AdminOperationImpl,main:65 - 3. Register and Approve an Admin
14:38:26,697  INFO AdminOperationImpl,main:67 - 4. Assign courses to Professor
14:38:26,697  INFO AdminOperationImpl,main:69 - 5. Exit
14:38:26,697  INFO AdminOperationImpl,main:72 - Enter your Choice: 
14:38:34,361  INFO AdminOperationImpl,main:80 - a. Approve all students at once
b. Approve Student by Id
14:38:34,362  INFO AdminOperationImpl,main:82 - 
Enter your Choice: 
14:38:35,921  INFO AdminOperationImpl,main:61 - 1. Approve Student Registration
14:38:35,921  INFO AdminOperationImpl,main:63 - 2. Approve Student's Course Registration
14:38:35,922  INFO AdminOperationImpl,main:65 - 3. Register and Approve an Admin
14:38:35,923  INFO AdminOperationImpl,main:67 - 4. Assign courses to Professor
14:38:35,923  INFO AdminOperationImpl,main:69 - 5. Exit
14:38:35,923  INFO AdminOperationImpl,main:72 - Enter your Choice: 
14:38:54,838  INFO AdminOperationImpl,main:61 - 1. Approve Student Registration
14:38:54,838  INFO AdminOperationImpl,main:63 - 2. Approve Student's Course Registration
14:38:54,838  INFO AdminOperationImpl,main:65 - 3. Register and Approve an Admin
14:38:54,838  INFO AdminOperationImpl,main:67 - 4. Assign courses to Professor
14:38:54,838  INFO AdminOperationImpl,main:69 - 5. Exit
14:38:54,838  INFO AdminOperationImpl,main:72 - Enter your Choice: 
14:39:04,202  INFO AdminOperationImpl,main:64 - 1. Login
2. Registration
3. Update Password
4. Exit
14:39:04,204  INFO AdminOperationImpl,main:70 - 
Enter your choice: 
14:39:29,963  INFO AdminOperationImpl,main:74 - 
1. Student
2. Professor
3. Admin
14:39:38,699  INFO AdminOperationImpl,main:99 - 
14:39:38,699  INFO AdminOperationImpl,main:100 - 
You are logged in successfully as a student
14:39:41,792  INFO AdminOperationImpl,main:111 - Course Catalog: 
14:39:41,793  INFO AdminOperationImpl,main:113 -                    1                maths                 amit               basics

14:39:41,793  INFO AdminOperationImpl,main:113 -                    2                  c++              anvitha                    c

14:39:59,470  INFO AdminOperationImpl,main:111 - Course Catalog: 
14:39:59,470  INFO AdminOperationImpl,main:113 -                    1                maths                 amit               basics

14:39:59,470  INFO AdminOperationImpl,main:113 -                    2                  c++              anvitha                    c

14:40:17,978  INFO AdminOperationImpl,main:111 - Course Catalog: 
14:40:17,980  INFO AdminOperationImpl,main:113 -                    1                maths                 amit               basics

14:40:17,980  INFO AdminOperationImpl,main:113 -                    2                  c++              anvitha                    c

14:41:44,205  INFO AdminOperationImpl,main:46 - ===================================================================================
14:41:44,209  INFO AdminOperationImpl,main:52 - 
14:41:44,223  INFO AdminOperationImpl,main:64 - 1. Login
2. Registration
3. Update Password
4. Exit
14:41:44,223  INFO AdminOperationImpl,main:70 - 
Enter your choice: 
14:41:46,088  INFO AdminOperationImpl,main:74 - 
1. Student
2. Professor
3. Admin
14:41:58,723  INFO AdminOperationImpl,main:99 - 
14:41:58,724  INFO AdminOperationImpl,main:100 - 
You are logged in successfully as a student
14:42:00,896  INFO AdminOperationImpl,main:89 - 
14:42:00,897  INFO AdminOperationImpl,main:91 - ===================================================================================
14:42:00,901  INFO AdminOperationImpl,main:111 - Course Catalog: 
14:42:00,902  INFO AdminOperationImpl,main:113 -                    1                maths                 amit               basics

14:42:00,903  INFO AdminOperationImpl,main:113 -                    2                  c++              anvitha                    c

14:42:00,904  INFO AdminOperationImpl,main:93 - 
14:42:00,904  INFO AdminOperationImpl,main:95 - ===================================================================================
14:47:58,962  INFO AdminOperationImpl,main:46 - ===================================================================================
14:47:58,965  INFO AdminOperationImpl,main:52 - 
14:47:58,971  INFO AdminOperationImpl,main:61 - 
14:47:58,971  INFO AdminOperationImpl,main:63 - ===================================================================================
14:47:58,971  INFO AdminOperationImpl,main:64 - 1. Login
2. Registration
3. Update Password
4. Exit
14:47:58,971  INFO AdminOperationImpl,main:68 - 
14:47:58,971  INFO AdminOperationImpl,main:69 - ===================================================================================
14:47:58,972  INFO AdminOperationImpl,main:70 - 
Enter your choice: 
14:48:05,628  INFO AdminOperationImpl,main:73 - 
===================================================================================
14:48:05,628  INFO AdminOperationImpl,main:74 - 
1. Student
2. Professor
3. Admin
14:48:05,628  INFO AdminOperationImpl,main:78 - 
14:48:05,628  INFO AdminOperationImpl,main:79 - ===================================================================================
14:48:05,628  INFO AdminOperationImpl,main:81 - Enter your role
14:48:15,601  INFO AdminOperationImpl,main:99 - 
14:48:15,601  INFO AdminOperationImpl,main:100 - 
You are logged in successfully as a student
14:48:15,609  INFO AdminOperationImpl,main:156 - 
14:48:15,612  INFO AdminOperationImpl,main:157 - ============================ Student Menu =========================================
14:48:15,612  INFO AdminOperationImpl,main:168 - 
14:48:15,612  INFO AdminOperationImpl,main:169 - ===================================================================================
14:48:26,407  INFO AdminOperationImpl,main:61 - 
14:48:26,408  INFO AdminOperationImpl,main:63 - ===================================================================================
14:48:26,408  INFO AdminOperationImpl,main:64 - 1. Login
2. Registration
3. Update Password
4. Exit
14:48:26,408  INFO AdminOperationImpl,main:68 - 
14:48:26,408  INFO AdminOperationImpl,main:69 - ===================================================================================
14:48:26,408  INFO AdminOperationImpl,main:70 - 
Enter your choice: 
14:48:30,605  INFO AdminOperationImpl,main:73 - 
===================================================================================
14:48:30,606  INFO AdminOperationImpl,main:74 - 
1. Student
2. Professor
3. Admin
14:48:30,607  INFO AdminOperationImpl,main:78 - 
14:48:30,607  INFO AdminOperationImpl,main:79 - ===================================================================================
14:48:30,607  INFO AdminOperationImpl,main:81 - Enter your role
14:48:41,168  INFO AdminOperationImpl,main:106 - 
14:48:41,168  INFO AdminOperationImpl,main:107 - You are logged in successfully as a Professor
14:48:41,176  INFO AdminOperationImpl,main:52 - 
14:48:41,176  INFO AdminOperationImpl,main:54 - ============================ Professor Menu =========================================
14:48:41,176  INFO AdminOperationImpl,main:55 - 1.Request Course Offering
14:48:41,176  INFO AdminOperationImpl,main:58 - 2.View Student List
14:48:41,176  INFO AdminOperationImpl,main:60 - 3.View Course Catalog
14:48:41,176  INFO AdminOperationImpl,main:62 - 4.Set Grades
14:48:41,176  INFO AdminOperationImpl,main:64 - 5.Exit
14:48:41,176  INFO AdminOperationImpl,main:65 - 
14:48:41,176  INFO AdminOperationImpl,main:67 - ===================================================================================
14:48:41,176  INFO AdminOperationImpl,main:69 - Enter your Choice: 
14:48:41,177  INFO AdminOperationImpl,main:70 - 
14:49:10,356  INFO AdminOperationImpl,main:61 - 
14:49:10,357  INFO AdminOperationImpl,main:63 - ===================================================================================
14:49:10,357  INFO AdminOperationImpl,main:64 - 1. Login
2. Registration
3. Update Password
4. Exit
14:49:10,357  INFO AdminOperationImpl,main:68 - 
14:49:10,357  INFO AdminOperationImpl,main:69 - ===================================================================================
14:49:10,357  INFO AdminOperationImpl,main:70 - 
Enter your choice: 
14:49:11,795  INFO AdminOperationImpl,main:73 - 
===================================================================================
14:49:11,796  INFO AdminOperationImpl,main:74 - 
1. Student
2. Professor
3. Admin
14:49:11,796  INFO AdminOperationImpl,main:78 - 
14:49:11,796  INFO AdminOperationImpl,main:79 - ===================================================================================
14:49:11,796  INFO AdminOperationImpl,main:81 - Enter your role
14:49:20,658  INFO AdminOperationImpl,main:112 - 
14:49:20,658  INFO AdminOperationImpl,main:113 - You are logged in successfully as a Admin
14:49:20,667  INFO AdminOperationImpl,main:58 - 
14:49:20,667  INFO AdminOperationImpl,main:59 - ============================ Admin Menu =========================================
14:49:20,667  INFO AdminOperationImpl,main:61 - 1. Approve Student Registration
14:49:20,667  INFO AdminOperationImpl,main:63 - 2. Approve Student's Course Registration
14:49:20,668  INFO AdminOperationImpl,main:65 - 3. Register and Approve an Admin
14:49:20,668  INFO AdminOperationImpl,main:67 - 4. Assign courses to Professor
14:49:20,668  INFO AdminOperationImpl,main:69 - 5. Exit
14:49:20,668  INFO AdminOperationImpl,main:70 - 
14:49:20,668  INFO AdminOperationImpl,main:71 - ===================================================================================
14:49:20,668  INFO AdminOperationImpl,main:72 - Enter your Choice: 
14:49:20,668  INFO AdminOperationImpl,main:73 - 
14:49:47,755  INFO AdminOperationImpl,main:46 - ===================================================================================
14:49:47,757  INFO AdminOperationImpl,main:52 - 
14:49:47,764  INFO AdminOperationImpl,main:61 - 
14:49:47,764  INFO AdminOperationImpl,main:63 - ===================================================================================
14:49:47,764  INFO AdminOperationImpl,main:64 - 1. Login
2. Registration
3. Update Password
4. Exit
14:49:47,765  INFO AdminOperationImpl,main:68 - 
14:49:47,765  INFO AdminOperationImpl,main:69 - ===================================================================================
14:49:47,765  INFO AdminOperationImpl,main:70 - 
Enter your choice: 
14:49:52,682  INFO AdminOperationImpl,main:73 - 
===================================================================================
14:49:52,683  INFO AdminOperationImpl,main:74 - 
1. Student
2. Professor
3. Admin
14:49:52,683  INFO AdminOperationImpl,main:78 - 
14:49:52,683  INFO AdminOperationImpl,main:79 - ===================================================================================
14:49:52,683  INFO AdminOperationImpl,main:81 - Enter your role
14:50:07,557  INFO AdminOperationImpl,main:46 - ===================================================================================
14:50:07,559  INFO AdminOperationImpl,main:52 - 
14:50:07,565  INFO AdminOperationImpl,main:61 - 
14:50:07,566  INFO AdminOperationImpl,main:63 - ===================================================================================
14:50:07,566  INFO AdminOperationImpl,main:64 - 1. Login
2. Registration
3. Update Password
4. Exit
14:50:07,566  INFO AdminOperationImpl,main:68 - 
14:50:07,566  INFO AdminOperationImpl,main:69 - ===================================================================================
14:50:07,566  INFO AdminOperationImpl,main:70 - 
Enter your choice: 
14:50:09,740  INFO AdminOperationImpl,main:73 - 
===================================================================================
14:50:09,740  INFO AdminOperationImpl,main:74 - 
1. Student
2. Professor
3. Admin
14:50:09,740  INFO AdminOperationImpl,main:78 - 
14:50:09,740  INFO AdminOperationImpl,main:79 - ===================================================================================
14:50:09,740  INFO AdminOperationImpl,main:81 - Enter your role
14:50:16,512  INFO AdminOperationImpl,main:106 - 
14:50:16,513  INFO AdminOperationImpl,main:107 - You are logged in successfully as a Professor
14:50:16,563  INFO AdminOperationImpl,main:52 - 
14:50:16,565  INFO AdminOperationImpl,main:54 - ============================ Professor Menu =======================================
14:50:16,565  INFO AdminOperationImpl,main:55 - 1.Request Course Offering
14:50:16,565  INFO AdminOperationImpl,main:58 - 2.View Student List
14:50:16,565  INFO AdminOperationImpl,main:60 - 3.View Course Catalog
14:50:16,566  INFO AdminOperationImpl,main:62 - 4.Set Grades
14:50:16,567  INFO AdminOperationImpl,main:64 - 5.Exit
14:50:16,567  INFO AdminOperationImpl,main:65 - 
14:50:16,567  INFO AdminOperationImpl,main:67 - ===================================================================================
14:50:16,567  INFO AdminOperationImpl,main:69 - Enter your Choice: 
14:50:16,567  INFO AdminOperationImpl,main:70 - 
14:51:33,590  INFO AdminOperationImpl,main:46 - ===================================================================================
14:51:33,592  INFO AdminOperationImpl,main:52 - 
14:51:33,597  INFO AdminOperationImpl,main:61 - 
14:51:33,597  INFO AdminOperationImpl,main:63 - ===================================================================================
14:51:33,597  INFO AdminOperationImpl,main:64 - 
14:51:33,597  INFO AdminOperationImpl,main:65 - 1. Login
2. Registration
3. Update Password
4. Exit
14:51:33,598  INFO AdminOperationImpl,main:69 - 
14:51:33,598  INFO AdminOperationImpl,main:70 - ===================================================================================
14:51:33,598  INFO AdminOperationImpl,main:71 - 
Enter your choice: 
14:51:36,099  INFO AdminOperationImpl,main:74 - 
===================================================================================
14:51:36,100  INFO AdminOperationImpl,main:75 - 
1. Student
2. Professor
3. Admin
14:51:36,100  INFO AdminOperationImpl,main:79 - 
14:51:36,100  INFO AdminOperationImpl,main:80 - ===================================================================================
14:51:36,100  INFO AdminOperationImpl,main:82 - Enter your role
14:51:45,939  INFO AdminOperationImpl,main:100 - 
14:51:45,939  INFO AdminOperationImpl,main:101 - 
You are logged in successfully as a student
14:51:45,964  INFO AdminOperationImpl,main:156 - 
14:51:45,964  INFO AdminOperationImpl,main:157 - ============================ Student Menu =========================================
14:51:45,964  INFO AdminOperationImpl,main:158 - 
14:51:45,964  INFO AdminOperationImpl,main:169 - 
14:51:45,964  INFO AdminOperationImpl,main:170 - ===================================================================================
14:51:51,039  INFO AdminOperationImpl,main:178 - Student Registration Status: 0
14:51:51,039  INFO AdminOperationImpl,main:184 - 
Select Course Ids from below given Course Catalog
14:51:51,039  INFO AdminOperationImpl,main:186 - 
For complusory enter 0 and for alternative enter 1
14:51:51,040  INFO AdminOperationImpl,main:89 - 
14:51:51,040  INFO AdminOperationImpl,main:91 - ===================================================================================
14:51:51,050  INFO AdminOperationImpl,main:111 - Course Catalog: 
14:51:51,052  INFO AdminOperationImpl,main:113 -                    1                maths                 amit               basics

14:51:51,052  INFO AdminOperationImpl,main:113 -                    2                  c++              anvitha                    c

14:51:51,053  INFO AdminOperationImpl,main:93 - 
14:51:51,053  INFO AdminOperationImpl,main:95 - ===================================================================================
14:51:51,056  INFO AdminOperationImpl,main:98 - Add Compulsory Courses
14:51:59,928  INFO AdminOperationImpl,main:46 - ===================================================================================
14:51:59,933  INFO AdminOperationImpl,main:52 - 
14:51:59,941  INFO AdminOperationImpl,main:61 - 
14:51:59,941  INFO AdminOperationImpl,main:63 - ===================================================================================
14:51:59,941  INFO AdminOperationImpl,main:64 - 
14:51:59,942  INFO AdminOperationImpl,main:65 - 1. Login
2. Registration
3. Update Password
4. Exit
14:51:59,942  INFO AdminOperationImpl,main:69 - 
14:51:59,942  INFO AdminOperationImpl,main:70 - ===================================================================================
14:51:59,943  INFO AdminOperationImpl,main:71 - 
Enter your choice: 
14:52:02,538  INFO AdminOperationImpl,main:74 - 
===================================================================================
14:52:02,539  INFO AdminOperationImpl,main:75 - 
1. Student
2. Professor
3. Admin
14:52:02,539  INFO AdminOperationImpl,main:79 - 
14:52:02,539  INFO AdminOperationImpl,main:80 - ===================================================================================
14:52:02,539  INFO AdminOperationImpl,main:82 - Enter your role
14:52:14,074  INFO AdminOperationImpl,main:107 - 
14:52:14,074  INFO AdminOperationImpl,main:108 - You are logged in successfully as a Professor
14:52:14,083  INFO AdminOperationImpl,main:52 - 
14:52:14,083  INFO AdminOperationImpl,main:54 - ============================ Professor Menu =======================================
14:52:14,083  INFO AdminOperationImpl,main:55 - 
14:52:14,084  INFO AdminOperationImpl,main:56 - 1.Request Course Offering
14:52:14,084  INFO AdminOperationImpl,main:59 - 2.View Student List
14:52:14,084  INFO AdminOperationImpl,main:61 - 3.View Course Catalog
14:52:14,084  INFO AdminOperationImpl,main:63 - 4.Set Grades
14:52:14,084  INFO AdminOperationImpl,main:65 - 5.Exit
14:52:14,084  INFO AdminOperationImpl,main:66 - 
14:52:14,084  INFO AdminOperationImpl,main:68 - ===================================================================================
14:52:14,084  INFO AdminOperationImpl,main:70 - Enter your Choice: 
14:52:14,084  INFO AdminOperationImpl,main:71 - 
14:52:16,900  INFO AdminOperationImpl,main:61 - 
14:52:16,900  INFO AdminOperationImpl,main:63 - ===================================================================================
14:52:16,901  INFO AdminOperationImpl,main:64 - 
14:52:16,901  INFO AdminOperationImpl,main:65 - 1. Login
2. Registration
3. Update Password
4. Exit
14:52:16,901  INFO AdminOperationImpl,main:69 - 
14:52:16,901  INFO AdminOperationImpl,main:70 - ===================================================================================
14:52:16,902  INFO AdminOperationImpl,main:71 - 
Enter your choice: 
14:52:18,593  INFO AdminOperationImpl,main:74 - 
===================================================================================
14:52:18,593  INFO AdminOperationImpl,main:75 - 
1. Student
2. Professor
3. Admin
14:52:18,593  INFO AdminOperationImpl,main:79 - 
14:52:18,593  INFO AdminOperationImpl,main:80 - ===================================================================================
14:52:18,593  INFO AdminOperationImpl,main:82 - Enter your role
14:52:26,147  INFO AdminOperationImpl,main:113 - 
14:52:26,147  INFO AdminOperationImpl,main:114 - You are logged in successfully as a Admin
14:52:26,184  INFO AdminOperationImpl,main:58 - 
14:52:26,184  INFO AdminOperationImpl,main:59 - ============================ Admin Menu ===========================================
14:52:26,184  INFO AdminOperationImpl,main:60 - 
14:52:26,184  INFO AdminOperationImpl,main:61 - 1. Approve Student Registration
14:52:26,184  INFO AdminOperationImpl,main:63 - 2. Approve Student's Course Registration
14:52:26,184  INFO AdminOperationImpl,main:65 - 3. Register and Approve an Admin
14:52:26,184  INFO AdminOperationImpl,main:67 - 4. Assign courses to Professor
14:52:26,184  INFO AdminOperationImpl,main:69 - 5. Exit
14:52:26,184  INFO AdminOperationImpl,main:70 - 
14:52:26,184  INFO AdminOperationImpl,main:71 - ===================================================================================
14:52:26,184  INFO AdminOperationImpl,main:72 - Enter your Choice: 
14:52:26,185  INFO AdminOperationImpl,main:73 - 
14:52:36,927  INFO AdminOperationImpl,main:61 - 
14:52:36,927  INFO AdminOperationImpl,main:63 - ===================================================================================
14:52:36,927  INFO AdminOperationImpl,main:64 - 
14:52:36,927  INFO AdminOperationImpl,main:65 - 1. Login
2. Registration
3. Update Password
4. Exit
14:52:36,927  INFO AdminOperationImpl,main:69 - 
14:52:36,929  INFO AdminOperationImpl,main:70 - ===================================================================================
14:52:36,929  INFO AdminOperationImpl,main:71 - 
Enter your choice: 
